2021/01/09 17:21:41.786 [I] [asm_amd64.s:1373]  http server Running on http://:8888
2021/01/09 17:21:41.788 [I] [asm_amd64.s:1373]  https server Running on https://:10443
2021/01/09 17:22:07.941 [server.go:3088]  [HTTP] http: TLS handshake error from [::1]:59781: remote error: tls: unknown certificate
2021/01/09 17:22:07.942 [server.go:3088]  [HTTP] http: TLS handshake error from [::1]:59780: remote error: tls: unknown certificate
2021/01/09 17:22:10.679 [server.go:3088]  [HTTP] http: TLS handshake error from [::1]:59795: remote error: tls: unknown certificate
2021/01/09 17:22:10.684 [server.go:3088]  [HTTP] http: TLS handshake error from [::1]:59796: remote error: tls: unknown certificate
2021/01/09 17:22:10.690 [server.go:3088]  [HTTP] http: TLS handshake error from [::1]:59798: remote error: tls: unknown certificate
2021/01/09 17:22:10.695 [error.go:441]  ::1 - - [01/Jan/0001 12:00:00] "GET / HTTP/2.0 404 0" 0.000000  Mozilla/5.0 (Windows NT 10.0; Win64; x64) AppleWebKit/537.36 (KHTML, like Gecko) Chrome/87.0.4280.88 Safari/537.36
2021/01/09 17:22:10.697 [server.go:2836]  ::1 - - [09/Jan/2021 05:22:10] "GET / HTTP/2.0 404 0" 0.002007  Mozilla/5.0 (Windows NT 10.0; Win64; x64) AppleWebKit/537.36 (KHTML, like Gecko) Chrome/87.0.4280.88 Safari/537.36
2021/01/09 17:22:15.166 [required_auth.go:21]  ::1 - - [01/Jan/0001 12:00:00] "GET /user/query HTTP/2.0 302 0" 0.000000  Mozilla/5.0 (Windows NT 10.0; Win64; x64) AppleWebKit/537.36 (KHTML, like Gecko) Chrome/87.0.4280.88 Safari/537.36
2021/01/09 17:22:15.167 [server.go:2836]  ::1 - - [09/Jan/2021 05:22:15] "GET /user/query HTTP/2.0 302 0" 0.001001  Mozilla/5.0 (Windows NT 10.0; Win64; x64) AppleWebKit/537.36 (KHTML, like Gecko) Chrome/87.0.4280.88 Safari/537.36
2021/01/09 17:22:15.177 [server.go:2836]  ::1 - - [09/Jan/2021 05:22:15] "GET /auth/login HTTP/2.0 200 0" 0.005005  Mozilla/5.0 (Windows NT 10.0; Win64; x64) AppleWebKit/537.36 (KHTML, like Gecko) Chrome/87.0.4280.88 Safari/537.36
2021/01/09 17:22:16.644 [server.go:2836]  ::1 - - [09/Jan/2021 05:22:16] "POST /auth/login HTTP/2.0 200 0" 0.005008 https://localhost:10443/auth/login Mozilla/5.0 (Windows NT 10.0; Win64; x64) AppleWebKit/537.36 (KHTML, like Gecko) Chrome/87.0.4280.88 Safari/537.36
2021/01/09 17:22:21.315 [server.go:2836]  ::1 - - [09/Jan/2021 05:22:21] "POST /auth/login HTTP/2.0 200 0" 0.108000 https://localhost:10443/auth/login Mozilla/5.0 (Windows NT 10.0; Win64; x64) AppleWebKit/537.36 (KHTML, like Gecko) Chrome/87.0.4280.88 Safari/537.36
2021/01/09 17:22:31.672 [server.go:2836]  ::1 - - [09/Jan/2021 05:22:31] "GET /auth/login HTTP/2.0 200 0" 0.018998  Mozilla/5.0 (Windows NT 10.0; Win64; x64) AppleWebKit/537.36 (KHTML, like Gecko) Chrome/87.0.4280.88 Safari/537.36
2021/01/09 17:22:32.803 [error.go:441]  ::1 - - [01/Jan/0001 12:00:00] "POST /auth/login HTTP/2.0 422 0" 0.000000 https://localhost:10443/auth/login Mozilla/5.0 (Windows NT 10.0; Win64; x64) AppleWebKit/537.36 (KHTML, like Gecko) Chrome/87.0.4280.88 Safari/537.36
2021/01/09 17:22:40.343 [server.go:2836]  ::1 - - [09/Jan/2021 05:22:40] "GET /auth/login HTTP/2.0 200 0" 0.017999  Mozilla/5.0 (Windows NT 10.0; Win64; x64) AppleWebKit/537.36 (KHTML, like Gecko) Chrome/87.0.4280.88 Safari/537.36
2021/01/09 17:22:49.034 [auth.go:40]  ::1 - - [01/Jan/0001 12:00:00] "POST /auth/login HTTP/2.0 302 0" 0.000000 https://localhost:10443/auth/login Mozilla/5.0 (Windows NT 10.0; Win64; x64) AppleWebKit/537.36 (KHTML, like Gecko) Chrome/87.0.4280.88 Safari/537.36
2021/01/09 17:22:49.034 [server.go:2836]  ::1 - - [09/Jan/2021 05:22:48] "POST /auth/login HTTP/2.0 302 0" 0.093998 https://localhost:10443/auth/login Mozilla/5.0 (Windows NT 10.0; Win64; x64) AppleWebKit/537.36 (KHTML, like Gecko) Chrome/87.0.4280.88 Safari/537.36
2021/01/09 17:22:49.051 [server.go:2836]  ::1 - - [09/Jan/2021 05:22:49] "GET /user/query HTTP/2.0 200 0" 0.007000 https://localhost:10443/auth/login Mozilla/5.0 (Windows NT 10.0; Win64; x64) AppleWebKit/537.36 (KHTML, like Gecko) Chrome/87.0.4280.88 Safari/537.36
2021/01/09 17:22:59.454 [server.go:2836]  ::1 - - [09/Jan/2021 05:22:59] "GET /user/add HTTP/2.0 200 0" 0.003987 https://localhost:10443/user/query Mozilla/5.0 (Windows NT 10.0; Win64; x64) AppleWebKit/537.36 (KHTML, like Gecko) Chrome/87.0.4280.88 Safari/537.36
2021/01/09 17:23:16.573 [error.go:441]  ::1 - - [01/Jan/0001 12:00:00] "POST /user/add/ HTTP/2.0 422 0" 0.000000 https://localhost:10443/user/add Mozilla/5.0 (Windows NT 10.0; Win64; x64) AppleWebKit/537.36 (KHTML, like Gecko) Chrome/87.0.4280.88 Safari/537.36
