2021/01/21 09:45:42.748 [D] [main.go:24]  App running...
2021/01/21 09:50:57.740 [D] [main.go:24]  App running...
2021/01/21 09:52:32.011 [D] [main.go:24]  App running...
2021/01/21 09:58:46.085 [D] [main.go:24]  App running...
2021/01/21 10:02:15.436 [D] [main.go:24]  App running...
2021/01/21 10:14:58.326 [D] [main.go:24]  App running...
2021/01/21 10:21:25.634 [D] [main.go:24]  App running...
2021/01/21 10:22:48.386 [D] [main.go:24]  App running...
2021/01/21 10:36:23.703 [D] [main.go:24]  App running...
2021/01/21 10:38:31.655 [D] [main.go:24]  App running...
2021/01/21 10:38:41.284 [I] [user_op.go:27]  loginauth user: admin
2021/01/21 10:39:48.046 [D] [main.go:24]  App running...
2021/01/21 10:39:55.252 [I] [user_op.go:27]  loginauth user: qiqios
2021/01/21 10:39:55.275 [I] [user_op.go:34]  loginauth user: qiqios, password wrong
2021/01/21 10:43:25.299 [D] [main.go:24]  App running...
2021/01/21 10:46:30.744 [I] [user_op.go:27]  loginauth user: admin
2021/01/21 10:46:30.770 [I] [user_op.go:34]  loginauth user: admin, password wrong
2021/01/21 10:46:50.829 [I] [user_op.go:27]  loginauth user: admin
2021/01/21 10:46:50.852 [I] [user_op.go:34]  loginauth user: admin, password wrong
2021/01/21 10:47:59.859 [I] [user_op.go:27]  loginauth user: admin
2021/01/21 10:48:00.054 [I] [user_op.go:27]  loginauth user: admin
2021/01/21 10:48:33.323 [I] [user_op.go:27]  loginauth user: admin
2021/01/21 10:48:39.747 [I] [user_op.go:27]  loginauth user: admin
2021/01/21 10:48:39.771 [I] [user_op.go:34]  loginauth user: admin, password wrong
2021/01/21 10:49:30.733 [D] [main.go:24]  App running...
2021/01/21 10:49:44.017 [I] [user_op.go:27]  loginauth user: admin
2021/01/21 10:49:44.041 [I] [user_op.go:34]  loginauth user: admin, password wrong
2021/01/21 10:49:56.741 [I] [user_op.go:27]  loginauth user: admin
2021/01/21 10:50:30.190 [I] [user_op.go:27]  loginauth user: admin
2021/01/21 10:52:30.828 [D] [main.go:24]  App running...
2021/01/21 10:52:45.394 [I] [user_op.go:27]  loginauth user: admin
2021/01/21 10:52:45.417 [I] [auth.go:39]  loginauth user: admin logged
2021/01/21 10:56:01.936 [D] [main.go:24]  App running...
2021/01/21 10:56:05.869 [I] [auth.go:49]  user: logged out
2021/01/21 10:56:20.420 [I] [user_op.go:27]  loginauth user: admin
2021/01/21 10:56:20.443 [I] [auth.go:39]  loginauth user: admin logged
2021/01/21 10:56:30.967 [I] [auth.go:49]  user: logged out
2021/01/21 10:57:18.738 [I] [user_op.go:27]  loginauth user: admin
2021/01/21 10:57:18.761 [I] [auth.go:39]  loginauth user: admin logged
2021/01/21 10:59:13.989 [D] [main.go:24]  App running...
2021/01/21 10:59:18.103 [I] [auth.go:50]  user: logged out
2021/01/21 10:59:26.516 [I] [user_op.go:27]  loginauth user: admin
2021/01/21 10:59:26.539 [I] [auth.go:39]  loginauth user: admin logged
2021/01/21 10:59:30.843 [I] [auth.go:50]  user: logged out
2021/01/21 11:01:58.612 [D] [main.go:24]  App running...
2021/01/21 11:02:08.765 [I] [user_op.go:27]  loginauth user: admin
2021/01/21 11:02:08.788 [I] [user_op.go:34]  loginauth user: admin, password wrong
2021/01/21 11:02:08.789 [I] [error.go:22]  user password wrong
2021/01/21 11:02:24.436 [I] [user_op.go:27]  loginauth user: admin
2021/01/21 11:02:24.458 [I] [auth.go:39]  loginauth user: admin logged
2021/01/21 11:02:39.680 [I] [error.go:10]  parsing time "Born: 2006.01.02ddd" as "2006.01.02": cannot parse "Born: 2006.01.02ddd" as "2006"
2021/01/21 11:02:39.681 [I] [error.go:10]  strconv.Atoi: parsing "": invalid syntax
2021/01/21 11:05:50.161 [D] [main.go:24]  App running...
2021/01/21 11:05:50.924 [I] [error.go:10]  Deleted a user, who's id is: 1744
2021/01/21 11:05:55.229 [I] [error.go:10]  parsing time "Born: 2006.01.02ss" as "2006.01.02": cannot parse "Born: 2006.01.02ss" as "2006"
2021/01/21 11:09:14.795 [I] [error.go:10]  parsing time "Born: 2006.01.02" as "2006.01.02": cannot parse "Born: 2006.01.02" as "2006"
2021/01/21 11:09:18.138 [I] [error.go:10]  parsing time "Born: 2006.01.02" as "2006.01.02": cannot parse "Born: 2006.01.02" as "2006"
2021/01/21 11:09:20.498 [I] [error.go:10]  parsing time "Born: 2006.01.02" as "2006.01.02": cannot parse "Born: 2006.01.02" as "2006"
2021/01/21 11:10:58.317 [I] [error.go:10]  parsing time "Born: 2006.01.02" as "2006.01.02": cannot parse "Born: 2006.01.02" as "2006"
2021/01/21 11:11:45.359 [I] [error.go:10]  parsing time "Born: 2006.01.02" as "2006.01.02": cannot parse "Born: 2006.01.02" as "2006"
2021/01/21 11:12:50.032 [I] [error.go:10]  parsing time "Born: 2006.01.02" as "2006.01.02": cannot parse "Born: 2006.01.02" as "2006"
2021/01/21 11:12:59.706 [I] [error.go:10]  parsing time "Born: 2006.01.02" as "2006.01.02": cannot parse "Born: 2006.01.02" as "2006"
2021/01/21 11:13:07.236 [I] [error.go:10]  parsing time "Born: 2006.01.02" as "2006.01.02": cannot parse "Born: 2006.01.02" as "2006"
2021/01/21 11:13:27.793 [I] [error.go:10]  parsing time "Born: 2006.01.02" as "2006.01.02": cannot parse "Born: 2006.01.02" as "2006"
2021/01/21 11:14:17.793 [I] [error.go:10]  parsing time "Born: 2006.01.02" as "2006.01.02": cannot parse "Born: 2006.01.02" as "2006"
2021/01/21 11:14:27.415 [I] [error.go:10]  parsing time "Born: 2006.01.02" as "2006.01.02": cannot parse "Born: 2006.01.02" as "2006"
2021/01/21 11:18:46.688 [I] [error.go:10]  parsing time "Born: 2006.01.02" as "2006.01.02": cannot parse "Born: 2006.01.02" as "2006"
2021/01/21 11:18:55.891 [I] [error.go:10]  parsing time "Born: 2006.01.02" as "2006.01.02": cannot parse "Born: 2006.01.02" as "2006"
2021/01/21 11:18:58.607 [I] [error.go:10]  parsing time "Born: 2006.01.02" as "2006.01.02": cannot parse "Born: 2006.01.02" as "2006"
2021/01/21 11:19:09.378 [I] [error.go:10]  parsing time "Born: 2006.01.02" as "2006.01.02": cannot parse "Born: 2006.01.02" as "2006"
2021/01/21 11:19:36.996 [I] [error.go:10]  parsing time "Born: 2006.01.02" as "2006.01.02": cannot parse "Born: 2006.01.02" as "2006"
2021/01/21 11:19:58.610 [I] [error.go:10]  parsing time "Born: 2006.01.02" as "2006.01.02": cannot parse "Born: 2006.01.02" as "2006"
2021/01/21 11:20:16.398 [I] [error.go:10]  parsing time "Born: 2006.01.02" as "2006.01.02": cannot parse "Born: 2006.01.02" as "2006"
2021/01/21 11:21:50.785 [I] [error.go:10]  parsing time "Born: 2006.01.02" as "2006.01.02": cannot parse "Born: 2006.01.02" as "2006"
2021/01/21 11:21:54.377 [I] [error.go:10]  parsing time "Born: 2006.01.02" as "2006.01.02": cannot parse "Born: 2006.01.02" as "2006"
2021/01/21 11:22:20.306 [I] [error.go:10]  parsing time "Born: 2006.01.02" as "2006.01.02": cannot parse "Born: 2006.01.02" as "2006"
2021/01/21 11:23:18.073 [I] [error.go:10]  parsing time "Born: 2006.01.02" as "2006.01.02": cannot parse "Born: 2006.01.02" as "2006"
2021/01/21 11:23:36.205 [I] [error.go:10]  parsing time "Born: 2006.01.02" as "2006.01.02": cannot parse "Born: 2006.01.02" as "2006"
2021/01/21 11:23:45.358 [I] [error.go:10]  parsing time "Born: 2006.01.02" as "2006.01.02": cannot parse "Born: 2006.01.02" as "2006"
2021/01/21 11:24:08.383 [I] [error.go:10]  parsing time "Born: 2006.01.02" as "2006.01.02": cannot parse "Born: 2006.01.02" as "2006"
2021/01/21 11:24:28.992 [I] [error.go:10]  parsing time "Born: 2006.01.02" as "2006.01.02": cannot parse "Born: 2006.01.02" as "2006"
2021/01/21 11:25:06.001 [I] [error.go:10]  parsing time "Born: 2006.01.02" as "2006.01.02": cannot parse "Born: 2006.01.02" as "2006"
2021/01/21 11:25:47.647 [I] [error.go:10]  parsing time "Born: 2006.01.02" as "2006.01.02": cannot parse "Born: 2006.01.02" as "2006"
2021/01/21 11:25:57.083 [I] [error.go:10]  parsing time "Born: 2006.01.02" as "2006.01.02": cannot parse "Born: 2006.01.02" as "2006"
2021/01/21 11:26:14.655 [I] [error.go:10]  parsing time "Born: 2006.01.02" as "2006.01.02": cannot parse "Born: 2006.01.02" as "2006"
2021/01/21 11:26:29.620 [I] [error.go:10]  parsing time "Born: 2006.01.02" as "2006.01.02": cannot parse "Born: 2006.01.02" as "2006"
2021/01/21 11:26:42.786 [I] [error.go:10]  parsing time "Born: 2006.01.02" as "2006.01.02": cannot parse "Born: 2006.01.02" as "2006"
2021/01/21 11:26:55.000 [I] [error.go:10]  parsing time "Born: 2006.01.02" as "2006.01.02": cannot parse "Born: 2006.01.02" as "2006"
2021/01/21 11:27:02.276 [I] [error.go:10]  parsing time "Born: 2006.01.02" as "2006.01.02": cannot parse "Born: 2006.01.02" as "2006"
2021/01/21 11:27:38.824 [I] [error.go:10]  You can't delete admin, who's id is: 1
2021/01/21 11:27:53.825 [I] [error.go:10]  parsing time "Born: 2006.01.02" as "2006.01.02": cannot parse "Born: 2006.01.02" as "2006"
2021/01/21 11:28:16.210 [I] [user_op.go:195]  mod user by id: ۏ
2021/01/21 11:28:19.777 [I] [auth.go:49]  user: logged out
2021/01/21 11:28:26.971 [I] [user_op.go:27]  loginauth user: jiege
2021/01/21 11:28:26.994 [I] [user_op.go:34]  loginauth user: jiege, password wrong
2021/01/21 11:28:26.995 [I] [error.go:22]  user password wrong
2021/01/21 11:28:39.944 [I] [user_op.go:27]  loginauth user: jiege
2021/01/21 11:28:39.966 [I] [user_op.go:34]  loginauth user: jiege, password wrong
2021/01/21 11:28:39.967 [I] [error.go:22]  user password wrong
2021/01/21 11:28:47.677 [I] [user_op.go:27]  loginauth user: admin
2021/01/21 11:28:47.701 [I] [user_op.go:34]  loginauth user: admin, password wrong
2021/01/21 11:28:47.702 [I] [error.go:22]  user password wrong
2021/01/21 11:28:53.625 [I] [user_op.go:27]  loginauth user: admin
2021/01/21 11:28:53.648 [I] [auth.go:39]  loginauth user: admin logged
2021/01/21 11:32:31.140 [D] [main.go:24]  App running...
2021/01/21 11:35:42.901 [I] [auth.go:49]  user: logged out
2021/01/21 11:50:17.120 [I] [user_op.go:27]  loginauth user: admin
2021/01/21 11:50:17.144 [I] [auth.go:39]  loginauth user: admin logged
2021/01/21 14:08:33.121 [I] [user_op.go:27]  loginauth user: admin
2021/01/21 14:08:33.145 [I] [auth.go:39]  loginauth user: admin logged
2021/01/21 16:43:59.765 [I] [auth.go:49]  user: logged out
2021/01/21 17:38:20.136 [I] [user_op.go:27]  loginauth user: admin
2021/01/21 17:38:20.158 [I] [auth.go:39]  loginauth user: admin logged
2021/01/21 17:38:38.507 [I] [error.go:10]  user exists, do not create same name user
2021/01/21 18:18:58.302 [I] [user_op.go:27]  loginauth user: admin
2021/01/21 18:18:58.324 [I] [auth.go:39]  loginauth user: admin logged
2021/01/21 18:27:26.937 [D] [main.go:24]  App running...
2021/01/21 18:30:13.396 [I] [auth.go:49]  user: logged out
2021/01/21 19:19:26.309 [D] [main.go:24]  App running...
